This is pdfTeXk, Version 3.141592-1.40.3 (Web2C 7.5.6) (format=pdflatex 2007.5.18)  8 MAY 2010 15:57
entering extended mode
 %&-line parsing enabled.
**monoid
(./monoid.tex
LaTeX2e <2005/12/01>
Babel <v3.8h> and hyphenation patterns for english, usenglishmax, dumylang, noh
yphenation, arabic, basque, bulgarian, coptic, welsh, czech, slovak, german, ng
erman, danish, esperanto, spanish, catalan, galician, estonian, farsi, finnish,
 french, greek, monogreek, ancientgreek, croatian, hungarian, interlingua, ibyc
us, indonesian, icelandic, italian, latin, mongolian, dutch, norsk, polish, por
tuguese, pinyin, romanian, russian, slovenian, uppersorbian, serbian, swedish, 
turkish, ukenglish, ukrainian, loaded.
(/usr/local/texlive/2007/texmf-dist/tex/latex/base/report.cls
Document Class: report 2005/09/16 v1.4f Standard LaTeX document class
(/usr/local/texlive/2007/texmf-dist/tex/latex/base/size11.clo
File: size11.clo 2005/09/16 v1.4f Standard LaTeX file (size option)
)
\c@part=\count79
\c@chapter=\count80
\c@section=\count81
\c@subsection=\count82
\c@subsubsection=\count83
\c@paragraph=\count84
\c@subparagraph=\count85
\c@figure=\count86
\c@table=\count87
\abovecaptionskip=\skip41
\belowcaptionskip=\skip42
\bibindent=\dimen102
)
(/usr/local/texlive/2007/texmf-dist/tex/latex/ltxmisc/a4wide.sty
Package: a4wide 1994/08/30

(/usr/local/texlive/2007/texmf-dist/tex/latex/ntgclass/a4.sty
Package: a4 2004/04/15 v1.2g A4 based page layout
))
(/usr/local/texlive/2007/texmf-dist/tex/latex/amsfonts/amssymb.sty
Package: amssymb 2002/01/22 v2.2d

(/usr/local/texlive/2007/texmf-dist/tex/latex/amsfonts/amsfonts.sty
Package: amsfonts 2001/10/25 v2.2f
\@emptytoks=\toks14
\symAMSa=\mathgroup4
\symAMSb=\mathgroup5
LaTeX Font Info:    Overwriting math alphabet `\mathfrak' in version `bold'
(Font)                  U/euf/m/n --> U/euf/b/n on input line 132.
))
(/usr/local/texlive/2007/texmf-dist/tex/latex/base/inputenc.sty
Package: inputenc 2006/05/05 v1.1b Input encoding file
\inpenc@prehook=\toks15
\inpenc@posthook=\toks16

(/usr/local/texlive/2007/texmf-dist/tex/latex/base/latin1.def
File: latin1.def 2006/05/05 v1.1b Input encoding file
))
(/usr/local/texlive/2007/texmf-dist/tex/latex/base/makeidx.sty
Package: makeidx 2000/03/29 v1.0m Standard LaTeX package
)
\@indexfile=\write3
\openout3 = `monoid.idx'.


Writing index file monoid.idx
(/usr/local/texlive/2007/texmf-dist/tex/latex/graphics/color.sty
Package: color 2005/11/14 v1.0j Standard LaTeX Color (DPC)

(/usr/local/texlive/2007/texmf/tex/latex/config/color.cfg
File: color.cfg 2007/01/18 v1.5 color configuration of teTeX/TeXLive
)
Package color Info: Driver file: pdftex.def on input line 130.

(/usr/local/texlive/2007/texmf-dist/tex/latex/pdftex-def/pdftex.def
File: pdftex.def 2007/01/08 v0.04d Graphics/color for pdfTeX
\Gread@gobject=\count88
))
(/usr/local/texlive/2007/texmf-dist/tex/latex/fancyvrb/fancyvrb.sty
Package: fancyvrb 1998/07/17

Style option: `fancyvrb' v2.6, with DG/SPQR fixes <1998/07/17> (tvz)
(/usr/local/texlive/2007/texmf-dist/tex/latex/graphics/keyval.sty
Package: keyval 1999/03/16 v1.13 key=value parser (DPC)
\KV@toks@=\toks17
)
\FV@CodeLineNo=\count89
\FV@InFile=\read1
\FV@TabBox=\box26
\c@FancyVerbLine=\count90
\FV@StepNumber=\count91
\FV@OutFile=\write4

No file fancyvrb.cfg.
) (/usr/local/texlive/2007/texmf-dist/tex/latex/pslatex/pslatex.sty
Package: pslatex 1996/07/24 v1.2 pslatex emulation (DPC)
LaTeX Font Info:    Redeclaring symbol font `operators' on input line 65.
LaTeX Font Info:    Overwriting symbol font `operators' in version `normal'
(Font)                  OT1/cmr/m/n --> OT1/ptmcm/m/n on input line 65.
LaTeX Font Info:    Overwriting symbol font `operators' in version `bold'
(Font)                  OT1/cmr/bx/n --> OT1/ptmcm/m/n on input line 65.
LaTeX Font Info:    Redeclaring symbol font `letters' on input line 66.
LaTeX Font Info:    Overwriting symbol font `letters' in version `normal'
(Font)                  OML/cmm/m/it --> OML/ptmcm/m/it on input line 66.
LaTeX Font Info:    Overwriting symbol font `letters' in version `bold'
(Font)                  OML/cmm/b/it --> OML/ptmcm/m/it on input line 66.
LaTeX Font Info:    Redeclaring symbol font `symbols' on input line 67.
LaTeX Font Info:    Overwriting symbol font `symbols' in version `normal'
(Font)                  OMS/cmsy/m/n --> OMS/pzccm/m/n on input line 67.
LaTeX Font Info:    Overwriting symbol font `symbols' in version `bold'
(Font)                  OMS/cmsy/b/n --> OMS/pzccm/m/n on input line 67.
LaTeX Font Info:    Redeclaring symbol font `largesymbols' on input line 68.
LaTeX Font Info:    Overwriting symbol font `largesymbols' in version `normal'
(Font)                  OMX/cmex/m/n --> OMX/psycm/m/n on input line 68.
LaTeX Font Info:    Overwriting symbol font `largesymbols' in version `bold'
(Font)                  OMX/cmex/m/n --> OMX/psycm/m/n on input line 68.
\symbold=\mathgroup6
\symitalic=\mathgroup7
LaTeX Font Info:    Redeclaring math alphabet \mathbf on input line 74.
LaTeX Font Info:    Overwriting math alphabet `\mathbf' in version `normal'
(Font)                  OT1/cmr/bx/n --> OT1/ptm/bx/n on input line 74.
LaTeX Font Info:    Overwriting math alphabet `\mathbf' in version `bold'
(Font)                  OT1/cmr/bx/n --> OT1/ptm/bx/n on input line 74.
LaTeX Font Info:    Redeclaring math alphabet \mathit on input line 75.
LaTeX Font Info:    Overwriting math alphabet `\mathit' in version `normal'
(Font)                  OT1/cmr/m/it --> OT1/ptm/m/it on input line 75.
LaTeX Font Info:    Overwriting math alphabet `\mathit' in version `bold'
(Font)                  OT1/cmr/bx/it --> OT1/ptm/m/it on input line 75.
)
(/usr/local/texlive/2007/texmf-dist/tex/latex/hyperref/hyperref.sty
Package: hyperref 2007/02/07 v6.75r Hypertext links for LaTeX
\@linkdim=\dimen103
\Hy@linkcounter=\count92
\Hy@pagecounter=\count93

(/usr/local/texlive/2007/texmf-dist/tex/latex/hyperref/pd1enc.def
File: pd1enc.def 2007/02/07 v6.75r Hyperref: PDFDocEncoding definition (HO)
)
(/usr/local/texlive/2007/texmf/tex/latex/config/hyperref.cfg
File: hyperref.cfg 2002/06/06 v1.2 hyperref configuration of TeXLive
)
(/usr/local/texlive/2007/texmf-dist/tex/latex/oberdiek/kvoptions.sty
Package: kvoptions 2006/08/22 v2.4 Connects package keyval with LaTeX options (
HO)
)
Package hyperref Info: Option `bookmarks' set `false' on input line 2238.
Package hyperref Info: Option `colorlinks' set `true' on input line 2238.
Package hyperref Info: Option `breaklinks' set `true' on input line 2238.
Package hyperref Info: Hyper figures OFF on input line 2288.
Package hyperref Info: Link nesting OFF on input line 2293.
Package hyperref Info: Hyper index ON on input line 2296.
Package hyperref Info: Plain pages OFF on input line 2303.
Package hyperref Info: Backreferencing ON on input line 2306.

Implicit mode ON; LaTeX internals redefined
Package hyperref Info: Bookmarks OFF on input line 2450.
(/usr/local/texlive/2007/texmf-dist/tex/latex/hyperref/backref.sty
Package: backref 2006/10/06 v1.27 Bibliographical back referencing
)
(/usr/local/texlive/2007/texmf-dist/tex/latex/ltxmisc/url.sty
\Urlmuskip=\muskip10
Package: url 2005/06/27  ver 3.2  Verb mode for urls, etc.
)
LaTeX Info: Redefining \url on input line 2599.
\Fld@menulength=\count94
\Field@Width=\dimen104
\Fld@charsize=\dimen105
\Choice@toks=\toks18
\Field@toks=\toks19
Package hyperref Info: Hyper figures OFF on input line 3102.
Package hyperref Info: Link nesting OFF on input line 3107.
Package hyperref Info: Hyper index ON on input line 3110.
Package hyperref Info: backreferencing ON on input line 3115.
Package hyperref Info: Link coloring ON on input line 3120.
\Hy@abspage=\count95
\c@Item=\count96
\c@Hfootnote=\count97
)
*hyperref using driver hpdftex*
(/usr/local/texlive/2007/texmf-dist/tex/latex/hyperref/hpdftex.def
File: hpdftex.def 2007/02/07 v6.75r Hyperref driver for pdfTeX
\Fld@listcount=\count98
)
\pagenrlog=\write5
\openout5 = `monoid.pnr'.


(./monoid.aux)
\openout1 = `monoid.aux'.

LaTeX Font Info:    Checking defaults for OML/cmm/m/it on input line 43.
LaTeX Font Info:    ... okay on input line 43.
LaTeX Font Info:    Checking defaults for T1/cmr/m/n on input line 43.
LaTeX Font Info:    ... okay on input line 43.
LaTeX Font Info:    Checking defaults for OT1/cmr/m/n on input line 43.
LaTeX Font Info:    ... okay on input line 43.
LaTeX Font Info:    Checking defaults for OMS/pzccm/m/n on input line 43.
LaTeX Font Info:    Try loading font information for OMS+pzccm on input line 43
.
 (/usr/local/texlive/2007/texmf-dist/tex/latex/psnfss/omspzccm.fd
File: omspzccm.fd 2000/01/03 Fontinst v1.801 font definitions for OMS/pzccm.
)
LaTeX Font Info:    ... okay on input line 43.
LaTeX Font Info:    Checking defaults for OMX/cmex/m/n on input line 43.
LaTeX Font Info:    ... okay on input line 43.
LaTeX Font Info:    Checking defaults for U/cmr/m/n on input line 43.
LaTeX Font Info:    ... okay on input line 43.
LaTeX Font Info:    Checking defaults for PD1/pdf/m/n on input line 43.
LaTeX Font Info:    ... okay on input line 43.
 (/usr/local/texlive/2007/texmf-dist/tex/context/base/supp-pdf.tex
[Loading MPS to PDF converter (version 2006.09.02).]
\scratchcounter=\count99
\scratchdimen=\dimen106
\scratchbox=\box27
\nofMPsegments=\count100
\nofMParguments=\count101
\MPscratchCnt=\count102
\MPscratchDim=\dimen107
\MPnumerator=\count103
\everyMPtoPDFconversion=\toks20
)
Package hyperref Info: Link coloring ON on input line 43.
 (/usr/local/texlive/2007/texmf-dist/tex/latex/hyperref/nameref.sty
Package: nameref 2006/12/27 v2.28 Cross-referencing by name of section

(/usr/local/texlive/2007/texmf-dist/tex/latex/oberdiek/refcount.sty
Package: refcount 2006/02/20 v3.0 Data extraction from references (HO)
)
\c@section@level=\count104
)
LaTeX Info: Redefining \ref on input line 43.
LaTeX Info: Redefining \pageref on input line 43.
LaTeX Font Info:    Font shape `OT1/ptm/bx/n' in size <24.88> not available
(Font)              Font shape `OT1/ptm/b/n' tried instead on input line 47.
LaTeX Font Info:    Font shape `OT1/phv/bx/n' in size <24.88> not available
(Font)              Font shape `OT1/phv/b/n' tried instead on input line 47.
LaTeX Font Info:    Font shape `OT1/phv/b/n' will be
(Font)              scaled to size 22.39185pt on input line 47.
LaTeX Font Info:    Font shape `OT1/ptm/bx/n' in size <12> not available
(Font)              Font shape `OT1/ptm/b/n' tried instead on input line 52.
LaTeX Font Info:    Font shape `OT1/ptm/bx/n' in size <10> not available
(Font)              Font shape `OT1/ptm/b/n' tried instead on input line 58.

Underfull \hbox (badness 10000) in paragraph at lines 56--59

 []

[1

{/usr/local/texlive/2007/texmf-var/fonts/map/pdftex/updmap/pdftex.map}]
LaTeX Font Info:    Font shape `OT1/ptm/bx/n' in size <14.4> not available
(Font)              Font shape `OT1/ptm/b/n' tried instead on input line 63.
LaTeX Font Info:    Font shape `OMS/ptm/m/n' in size <10> not available
(Font)              Font shape `OMS/pzccm/m/n' tried instead on input line 65.

Underfull \hbox (badness 10000) in paragraph at lines 67--69

 []


Underfull \hbox (badness 10000) in paragraph at lines 76--81

 []


Underfull \hbox (badness 10000) in paragraph at lines 76--81

 []

LaTeX Font Info:    Font shape `OT1/phv/m/n' will be
(Font)              scaled to size 8.99994pt on input line 83.

Underfull \hbox (badness 10000) in paragraph at lines 83--86

 []

LaTeX Font Info:    Font shape `OT1/phv/m/sl' will be
(Font)              scaled to size 7.19995pt on input line 86.
[2] (./monoid.toc
LaTeX Font Info:    Font shape `OT1/ptm/bx/n' in size <10.95> not available
(Font)              Font shape `OT1/ptm/b/n' tried instead on input line 1.
LaTeX Font Info:    Font shape `OT1/phv/bx/n' in size <10.95> not available
(Font)              Font shape `OT1/phv/b/n' tried instead on input line 1.
LaTeX Font Info:    Font shape `OT1/phv/b/n' will be
(Font)              scaled to size 9.85492pt on input line 1.
LaTeX Font Info:    Try loading font information for OT1+ptmcm on input line 2.


(/usr/local/texlive/2007/texmf-dist/tex/latex/psnfss/ot1ptmcm.fd
File: ot1ptmcm.fd 2000/01/03 Fontinst v1.801 font definitions for OT1/ptmcm.
)
LaTeX Font Info:    Try loading font information for OML+ptmcm on input line 2.


(/usr/local/texlive/2007/texmf-dist/tex/latex/psnfss/omlptmcm.fd
File: omlptmcm.fd 2000/01/03 Fontinst v1.801 font definitions for OML/ptmcm.
)
LaTeX Font Info:    Try loading font information for OMX+psycm on input line 2.


(/usr/local/texlive/2007/texmf-dist/tex/latex/psnfss/omxpsycm.fd
File: omxpsycm.fd 2000/01/03 Fontinst v1.801 font definitions for OMX/psycm.
)
LaTeX Font Info:    Try loading font information for U+msa on input line 2.

(/usr/local/texlive/2007/texmf-dist/tex/latex/amsfonts/umsa.fd
File: umsa.fd 2002/01/19 v2.2g AMS font definitions
)
LaTeX Font Info:    Try loading font information for U+msb on input line 2.

(/usr/local/texlive/2007/texmf-dist/tex/latex/amsfonts/umsb.fd
File: umsb.fd 2002/01/19 v2.2g AMS font definitions
)
LaTeX Font Info:    Font shape `OT1/ptm/bx/n' in size <8> not available
(Font)              Font shape `OT1/ptm/b/n' tried instead on input line 2.
LaTeX Font Info:    Font shape `OT1/ptm/bx/n' in size <6> not available
(Font)              Font shape `OT1/ptm/b/n' tried instead on input line 2.
LaTeX Font Info:    Font shape `OT1/phv/m/n' will be
(Font)              scaled to size 9.85492pt on input line 3.
 [3

] [4]
[5])
\tf@toc=\write6
\openout6 = `monoid.toc'.

 [6]
Chapter 1.
LaTeX Font Info:    Font shape `OT1/ptm/bx/n' in size <20.74> not available
(Font)              Font shape `OT1/ptm/b/n' tried instead on input line 94.
LaTeX Font Info:    Font shape `OMS/ptm/m/n' in size <10.95> not available
(Font)              Font shape `OMS/pzccm/m/n' tried instead on input line 121.


Underfull \hbox (badness 7486) in paragraph at lines 121--122
[]\OT1/pcr/m/n/10.95 AutomorphismGroup \OT1/ptm/m/n/10.95 ([][]7.4.1[][]) with 
ar-gu-ment sat-is-fy-ing \OT1/pcr/m/n/10.95 IsTransformationSemigroup
 []


Underfull \hbox (badness 10000) in paragraph at lines 126--127
[]\OT1/pcr/m/n/10.95 IsomorphismSemigroups \OT1/ptm/m/n/10.95 ([][]7.7.5[][]) w
ith both ar-gu-ments sat-is-fy-ing
 []

[7

]
Underfull \hbox (badness 3895) in paragraph at lines 128--129
\OT1/ptm/m/n/10.95 Installation of \OT1/phv/m/n/10.95 GRAPE \OT1/ptm/m/n/10.95 
is de-scribed in the \OT1/pcr/m/n/10.95 README \OT1/ptm/m/n/10.95 file of the \
OT1/phv/m/n/10.95 GRAPE \OT1/ptm/m/n/10.95 dis-tri-bu-tion and
 []


Underfull \hbox (badness 4832) in paragraph at lines 128--129
\OT1/ptm/m/n/10.95 in the sec-tion en-ti-tled `In-stalling the GRAPE Pack-age' 
of the \OT1/phv/m/n/10.95 GRAPE \OT1/ptm/m/n/10.95 man-ual; see [][]
 []


Underfull \hbox (badness 2142) in paragraph at lines 130--132
[]\OT1/phv/m/n/10.95 orb \OT1/ptm/m/n/10.95 is used to pro-vide ef-fi-cient met
h-ods for com-put-ing or-bits in trans-for-ma-tion semi-
 []


Overfull \hbox (15.27301pt too wide) in paragraph at lines 130--132
[][]\OT1/pcr/m/n/10.95 href="http://www-groups.mcs.st-and.ac.uk/~neunhoef/Compu
ter/Software/Gap/orb.html"[][]
 []


Underfull \hbox (badness 10000) in paragraph at lines 133--134
[]\OT1/ptm/m/n/10.95 If you want to take ad-van-tage of the on-line help fa-cil
-i-ties in \OT1/phv/m/n/10.95 MONOID\OT1/ptm/m/n/10.95 ,
 []


Underfull \hbox (badness 10000) in paragraph at lines 133--134
\OT1/ptm/m/n/10.95 then the \OT1/phv/m/n/10.95 gap-doc \OT1/ptm/m/n/10.95 pack-
age Ver-sion 1.1 or higher is also re-quired; see [][]
 []


Underfull \hbox (badness 4193) in paragraph at lines 133--134
\OT1/pcr/m/n/10.95 http://www.math.rwth-aachen.de/~Frank.Luebeck/GAPDoc/ [][] \
OT1/ptm/m/n/10.95 for fur-ther de-tails of how
 []

LaTeX Font Info:    Font shape `OT1/phv/bx/n' in size <14.4> not available
(Font)              Font shape `OT1/phv/b/n' tried instead on input line 136.
LaTeX Font Info:    Font shape `OT1/phv/b/n' will be
(Font)              scaled to size 12.9599pt on input line 136.

Underfull \hbox (badness 2846) in paragraph at lines 150--151
[]\OT1/ptm/m/n/10.95 download the pack-age archive \OT1/pcr/m/n/10.95 monoid3r1
p4.tar.gz \OT1/ptm/m/n/10.95 or \OT1/pcr/m/n/10.95 monoid3r1p4.tar.bz2 \OT1/ptm
/m/n/10.95 from
 []

[8] [9]
LaTeX Font Info:    Try loading font information for OML+ptm on input line 238.

 (/usr/local/texlive/2007/texmf-dist/tex/latex/psnfss/omlptm.fd
File: omlptm.fd 
)
LaTeX Font Info:    Font shape `OML/ptm/m/n' in size <10.95> not available
(Font)              Font shape `OML/cmm/m/it' tried instead on input line 238.

Underfull \hbox (badness 3557) in paragraph at lines 248--249
[]\OT1/ptm/m/n/10.95 the fol-low-ing new func-tions have been in-tro-duced: \OT
1/pcr/m/n/10.95 TransformationActionNC
 []


Underfull \hbox (badness 2626) in paragraph at lines 248--249
\OT1/ptm/m/n/10.95 ([][]2.1.6[][]), \OT1/pcr/m/n/10.95 SmallestIdempotentPower 
\OT1/ptm/m/n/10.95 ([][]2.2.6[][]), \OT1/pcr/m/n/10.95 IsKerImgOfTransformation
 \OT1/ptm/m/n/10.95 ([][]2.2.2[][]),
 []


Underfull \hbox (badness 10000) in paragraph at lines 248--249
\OT1/ptm/m/n/10.95 ([][]2.1.2[][]), \OT1/pcr/m/n/10.95 AsBooleanMatrix \OT1/ptm
/m/n/10.95 ([][]2.3.1[][]), \OT1/pcr/m/n/10.95 KerImgOfTransformation \OT1/ptm/
m/n/10.95 ([][]2.2.3[][]),
 []


Underfull \hbox (badness 10000) in paragraph at lines 253--254
[]\OT1/pcr/m/n/10.95 GradedImagesTransformationMonoid \OT1/ptm/m/n/10.95 was re
-named
 []


Underfull \hbox (badness 10000) in paragraph at lines 255--256
[]\OT1/pcr/m/n/10.95 GradedKernelsTransformationMonoid \OT1/ptm/m/n/10.95 was r
e-named
 []

[10] [11]
Chapter 2.

Underfull \hbox (badness 10000) in paragraph at lines 318--324

 []


Underfull \hbox (badness 10000) in paragraph at lines 341--347

 []

[12

]
Underfull \hbox (badness 10000) in paragraph at lines 367--373

 []


Underfull \hbox (badness 1320) in paragraph at lines 375--376
[]\OT1/pcr/m/n/10.95 IdempotentNC \OT1/ptm/m/n/10.95 re-turns an idem-po-tent w
ith ker-nel \OT1/pcr/m/n/10.95 ker \OT1/ptm/m/n/10.95 and im-age \OT1/pcr/m/n/1
0.95 img \OT1/ptm/m/n/10.95 with-out check-ing
 []


Underfull \hbox (badness 1454) in paragraph at lines 377--378
[]\OT1/pcr/m/n/10.95 Idempotent \OT1/ptm/m/n/10.95 re-turns an idem-po-tent wit
h ker-nel \OT1/pcr/m/n/10.95 ker \OT1/ptm/m/n/10.95 and im-age \OT1/pcr/m/n/10.
95 img \OT1/ptm/m/n/10.95 af-ter check-ing that
 []


Underfull \hbox (badness 10000) in paragraph at lines 399--405

 []


Underfull \hbox (badness 10000) in paragraph at lines 428--434

 []

[13]
Underfull \hbox (badness 10000) in paragraph at lines 469--472

 []


Underfull \hbox (badness 10000) in paragraph at lines 500--503

 []

[14]
Underfull \hbox (badness 10000) in paragraph at lines 526--529

 []


Underfull \hbox (badness 10000) in paragraph at lines 556--559

 []


Underfull \hbox (badness 10000) in paragraph at lines 575--578

 []

[15]
Underfull \hbox (badness 10000) in paragraph at lines 609--612

 []


Underfull \hbox (badness 10000) in paragraph at lines 629--632

 []


Underfull \hbox (badness 10000) in paragraph at lines 649--655

 []

[16]
Underfull \hbox (badness 10000) in paragraph at lines 688--691

 []


Underfull \hbox (badness 10000) in paragraph at lines 722--725

 []

[17] [18]
Chapter 3.
pdfTeX warning (ext4): destination with the same identifier (name{L.X7DFB63A97E
67C0A1}) has been already used, duplicate ignored
<to be read again> 
                   \relax 
l.751 \hyperdef{L}{X7DFB63A97E67C0A1}{}
                                       
Underfull \hbox (badness 10000) in paragraph at lines 772--775

 []


Underfull \hbox (badness 10000) in paragraph at lines 790--793

 []

[19

]
Underfull \hbox (badness 10000) in paragraph at lines 816--819

 []


Underfull \hbox (badness 10000) in paragraph at lines 847--850

 []

[20]
Underfull \hbox (badness 10000) in paragraph at lines 875--878

 []


Underfull \hbox (badness 10000) in paragraph at lines 906--909

 []

[21]
Underfull \hbox (badness 10000) in paragraph at lines 936--939

 []


Underfull \hbox (badness 10000) in paragraph at lines 975--978

 []

[22]
Underfull \hbox (badness 10000) in paragraph at lines 1008--1011

 []


Underfull \hbox (badness 10000) in paragraph at lines 1037--1040

 []

[23]
Underfull \hbox (badness 10000) in paragraph at lines 1069--1072

 []


Underfull \hbox (badness 10000) in paragraph at lines 1105--1108

 []

[24]
Underfull \hbox (badness 10000) in paragraph at lines 1128--1131

 []


Underfull \hbox (badness 10000) in paragraph at lines 1163--1166

 []

[25]
Underfull \hbox (badness 10000) in paragraph at lines 1189--1192

 []


Underfull \hbox (badness 10000) in paragraph at lines 1197--1198
[]\OT1/ptm/m/n/10.95 the sec-ond en-try is a list of per-mu-ta-tions \OT1/pcr/m
/n/10.95 mults \OT1/ptm/m/n/10.95 such that \OT1/pcr/m/n/10.95 OnSets(imgs[i],
 []


Underfull \hbox (badness 10000) in paragraph at lines 1221--1224

 []

[26] [27]
Chapter 4.
pdfTeX warning (ext4): destination with the same identifier (name{L.X7DFB63A97E
67C0A1}) has been already used, duplicate ignored
<to be read again> 
                   \relax 
l.1264 \hyperdef{L}{X7DFB63A97E67C0A1}{}
                                         [28

]
Underfull \hbox (badness 10000) in paragraph at lines 1333--1336

 []


Underfull \hbox (badness 10000) in paragraph at lines 1352--1355

 []


Underfull \hbox (badness 2126) in paragraph at lines 1357--1358
[]\OT1/ptm/m/n/10.95 if \OT1/pcr/m/n/10.95 C \OT1/ptm/m/n/10.95 sat-is-fies \OT
1/pcr/m/n/10.95 IsGreensRClass \OT1/ptm/m/n/10.95 (\OT1/ptm/b/n/10.95 Reference
: Is-Green-sR-Class\OT1/ptm/m/n/10.95 ), then \OT1/pcr/m/n/10.95 GreensRClassDa
ta
 []


Underfull \hbox (badness 10000) in paragraph at lines 1357--1358
\OT1/ptm/m/n/10.95 re-turns an ob-ject in the cat-e-gory \OT1/pcr/m/n/10.95 IsG
reensRClassData \OT1/ptm/m/n/10.95 ([][]4.2.6[][]) with rep-re-sen-ta-tion
 []

[29]
Underfull \hbox (badness 10000) in paragraph at lines 1365--1366
\OT1/ptm/m/n/10.95 The com-po-nents \OT1/pcr/m/n/10.95 strongorb\OT1/ptm/m/n/10
.95 , \OT1/pcr/m/n/10.95 perms\OT1/ptm/m/n/10.95 , and \OT1/pcr/m/n/10.95 schut
z \OT1/ptm/m/n/10.95 are ob-tained us-ing the func-tion
 []


Underfull \hbox (badness 10000) in paragraph at lines 1385--1388

 []


Underfull \hbox (badness 2229) in paragraph at lines 1390--1391
[]\OT1/ptm/m/n/10.95 if \OT1/pcr/m/n/10.95 C \OT1/ptm/m/n/10.95 sat-is-fies \OT
1/pcr/m/n/10.95 IsGreensLClass \OT1/ptm/m/n/10.95 (\OT1/ptm/b/n/10.95 Reference
: Is-GreensLClass\OT1/ptm/m/n/10.95 ), then \OT1/pcr/m/n/10.95 GreensLClassData

 []


Underfull \hbox (badness 10000) in paragraph at lines 1390--1391
\OT1/ptm/m/n/10.95 re-turns an ob-ject in the cat-e-gory \OT1/pcr/m/n/10.95 IsG
reensLClassData \OT1/ptm/m/n/10.95 ([][]4.2.6[][]) with rep-re-sen-ta-tion
 []

[30]
Underfull \hbox (badness 10000) in paragraph at lines 1426--1429

 []


Underfull \hbox (badness 2027) in paragraph at lines 1431--1432
[]\OT1/ptm/m/n/10.95 if \OT1/pcr/m/n/10.95 C \OT1/ptm/m/n/10.95 sat-is-fies \OT
1/pcr/m/n/10.95 IsGreensHClass \OT1/ptm/m/n/10.95 (\OT1/ptm/b/n/10.95 Reference
: Is-Green-sH-Class\OT1/ptm/m/n/10.95 ), then \OT1/pcr/m/n/10.95 GreensLClassDa
ta
 []


Underfull \hbox (badness 10000) in paragraph at lines 1431--1432
\OT1/ptm/m/n/10.95 re-turns an ob-ject in the cat-e-gory \OT1/pcr/m/n/10.95 IsG
reensHClassData \OT1/ptm/m/n/10.95 ([][]4.2.6[][]) with rep-re-sen-ta-tion
 []


Underfull \hbox (badness 10000) in paragraph at lines 1453--1456

 []


Underfull \hbox (badness 2126) in paragraph at lines 1458--1459
[]\OT1/ptm/m/n/10.95 if \OT1/pcr/m/n/10.95 C \OT1/ptm/m/n/10.95 sat-is-fies \OT
1/pcr/m/n/10.95 IsGreensDClass \OT1/ptm/m/n/10.95 (\OT1/ptm/b/n/10.95 Reference
: Is-Greens-D-Class\OT1/ptm/m/n/10.95 ), then \OT1/pcr/m/n/10.95 GreensDClassDa
ta
 []


Underfull \hbox (badness 10000) in paragraph at lines 1458--1459
\OT1/ptm/m/n/10.95 re-turns an ob-ject in the cat-e-gory \OT1/pcr/m/n/10.95 IsG
reensDClassData \OT1/ptm/m/n/10.95 ([][]4.2.6[][]) with rep-re-sen-ta-tion
 []

[31]
Underfull \hbox (badness 10000) in paragraph at lines 1484--1499

 []


Underfull \hbox (badness 10000) in paragraph at lines 1501--1502
[]\OT1/ptm/m/n/10.95 returns \OT1/pcr/m/n/10.95 true \OT1/ptm/m/n/10.95 if \OT1
/pcr/m/n/10.95 obj \OT1/ptm/m/n/10.95 lies in the cat-e-gory \OT1/pcr/m/n/10.95
 IsGreensData\OT1/ptm/m/n/10.95 , \OT1/pcr/m/n/10.95 IsGreensRClassData\OT1/ptm
/m/n/10.95 ,
 []


Underfull \hbox (badness 1648) in paragraph at lines 1501--1502
\OT1/pcr/m/n/10.95 IsGreensLClassData\OT1/ptm/m/n/10.95 , \OT1/pcr/m/n/10.95 Is
GreensHClassData\OT1/ptm/m/n/10.95 , \OT1/pcr/m/n/10.95 IsGreensDClassData\OT1/
ptm/m/n/10.95 , re-spec-tively. The ob-
 []


Underfull \hbox (badness 1917) in paragraph at lines 1501--1502
\OT1/ptm/m/n/10.95 and \OT1/pcr/m/n/10.95 DClassData \OT1/ptm/m/n/10.95 ([][]4.
2.7[][]) lie in the cat-e-gories \OT1/pcr/m/n/10.95 IsGreensRClassData\OT1/ptm/
m/n/10.95 , \OT1/pcr/m/n/10.95 IsGreensLClassData\OT1/ptm/m/n/10.95 ,
 []


Underfull \hbox (badness 10000) in paragraph at lines 1507--1519

 []


Underfull \hbox (badness 10000) in paragraph at lines 1521--1522
[]\OT1/ptm/m/n/10.95 These func-tion con-struct ob-jects in the cat-e-gories \O
T1/pcr/m/n/10.95 IsGreensRClassData \OT1/ptm/m/n/10.95 ([][]4.2.6[][]),
 []


Underfull \hbox (badness 2922) in paragraph at lines 1521--1522
\OT1/ptm/m/n/10.95 sub-cat-e-gories of \OT1/pcr/m/n/10.95 IsGreensData \OT1/ptm
/m/n/10.95 ([][]4.2.6[][]) us-ing the out-put from \OT1/pcr/m/n/10.95 GreensRCl
assData \OT1/ptm/m/n/10.95 ([][]4.2.2[][]),
 []


Underfull \hbox (badness 10000) in paragraph at lines 1527--1539

 []


Underfull \hbox (badness 10000) in paragraph at lines 1541--1542
[]\OT1/ptm/m/n/10.95 returns \OT1/pcr/m/n/10.95 true \OT1/ptm/m/n/10.95 if \OT1
/pcr/m/n/10.95 obj \OT1/ptm/m/n/10.95 has \OT1/pcr/m/n/10.95 IsGreensRClassData
Rep\OT1/ptm/m/n/10.95 , \OT1/pcr/m/n/10.95 IsGreensLClassDataRep\OT1/ptm/m/n/10
.95 ,
 []

[32]
Underfull \hbox (badness 10000) in paragraph at lines 1550--1553

 []


Underfull \hbox (badness 10000) in paragraph at lines 1586--1589

 []


Underfull \hbox (badness 10000) in paragraph at lines 1591--1592
[]\OT1/ptm/m/n/10.95 if \OT1/pcr/m/n/10.95 D \OT1/ptm/m/n/10.95 sat-is-fies \OT
1/pcr/m/n/10.95 IsGreensRClassData \OT1/ptm/m/n/10.95 ([][]4.2.6[][]), \OT1/pcr
/m/n/10.95 IsGreensLClassData \OT1/ptm/m/n/10.95 ([][]4.2.6[][]),
 []


Underfull \hbox (badness 1655) in paragraph at lines 1591--1592
\OT1/pcr/m/n/10.95 IsGreensHClassData \OT1/ptm/m/n/10.95 ([][]4.2.6[][]), or \O
T1/pcr/m/n/10.95 IsGreensDClassData \OT1/ptm/m/n/10.95 ([][]4.2.6[][]), then \O
T1/pcr/m/n/10.95 SchutzenbergerGroup
 []

[33]
Underfull \hbox (badness 10000) in paragraph at lines 1615--1618

 []


Underfull \hbox (badness 10000) in paragraph at lines 1649--1652

 []

[34]
Chapter 5.
pdfTeX warning (ext4): destination with the same identifier (name{L.X7DFB63A97E
67C0A1}) has been already used, duplicate ignored
<to be read again> 
                   \relax 
l.1674 \hyperdef{L}{X7DFB63A97E67C0A1}{}
                                         [35

]
Underfull \hbox (badness 10000) in paragraph at lines 1734--1737

 []

[36]
Underfull \hbox (badness 10000) in paragraph at lines 1759--1765

 []


Underfull \hbox (badness 10000) in paragraph at lines 1792--1795

 []


Underfull \hbox (badness 10000) in paragraph at lines 1812--1815

 []

[37]
Underfull \hbox (badness 10000) in paragraph at lines 1836--1839

 []


Underfull \hbox (badness 10000) in paragraph at lines 1856--1859

 []


Underfull \hbox (badness 10000) in paragraph at lines 1879--1882

 []

[38]
Underfull \hbox (badness 10000) in paragraph at lines 1902--1905

 []


Underfull \hbox (badness 10000) in paragraph at lines 1927--1930

 []


Underfull \hbox (badness 10000) in paragraph at lines 1952--1955

 []

[39]
Underfull \hbox (badness 10000) in paragraph at lines 1975--1978

 []


Underfull \hbox (badness 10000) in paragraph at lines 1999--2002

 []


Underfull \hbox (badness 10000) in paragraph at lines 2026--2029

 []

[40]
Underfull \hbox (badness 10000) in paragraph at lines 2053--2056

 []


Underfull \hbox (badness 10000) in paragraph at lines 2078--2081

 []


Underfull \hbox (badness 10000) in paragraph at lines 2100--2103

 []

[41] [42]
Chapter 6.

Underfull \hbox (badness 10000) in paragraph at lines 2134--2137

 []


Underfull \hbox (badness 10000) in paragraph at lines 2161--2164

 []

[43

]

! LaTeX Error: There's no line here to end.

See the LaTeX manual or LaTeX Companion for explanation.
Type  H <return>  for immediate help.
 ...                                              
                                                  
l.2189 
       
Your command was ignored.
Type  I <command> <return>  to replace it with another command,
or  <return>  to continue without it.


Underfull \hbox (badness 10000) in paragraph at lines 2207--2210

 []


Underfull \hbox (badness 10000) in paragraph at lines 2244--2247

 []

[44]
Underfull \hbox (badness 10000) in paragraph at lines 2274--2277

 []


Underfull \hbox (badness 10000) in paragraph at lines 2295--2298

 []

[45]
Underfull \hbox (badness 10000) in paragraph at lines 2319--2322

 []


Underfull \hbox (badness 10000) in paragraph at lines 2338--2341

 []


Underfull \hbox (badness 10000) in paragraph at lines 2357--2360

 []


Underfull \hbox (badness 10000) in paragraph at lines 2388--2391

 []

[46]
Underfull \hbox (badness 10000) in paragraph at lines 2405--2408

 []


Underfull \hbox (badness 10000) in paragraph at lines 2422--2425

 []


Underfull \hbox (badness 10000) in paragraph at lines 2443--2446

 []

[47]
Chapter 7.
pdfTeX warning (ext4): destination with the same identifier (name{L.X7DFB63A97E
67C0A1}) has been already used, duplicate ignored
<to be read again> 
                   \relax 
l.2468 \hyperdef{L}{X7DFB63A97E67C0A1}{}
                                        
Underfull \hbox (badness 7486) in paragraph at lines 2498--2499
[]\OT1/pcr/m/n/10.95 AutomorphismGroup \OT1/ptm/m/n/10.95 ([][]7.4.1[][]) with 
ar-gu-ment sat-is-fy-ing \OT1/pcr/m/n/10.95 IsTransformationSemigroup
 []


Underfull \hbox (badness 10000) in paragraph at lines 2503--2504
[]\OT1/pcr/m/n/10.95 IsomorphismSemigroups \OT1/ptm/m/n/10.95 ([][]7.7.5[][]) w
ith both ar-gu-ments sat-is-fy-ing
 []

[48

]
Underfull \hbox (badness 10000) in paragraph at lines 2510--2513

 []


Underfull \hbox (badness 10000) in paragraph at lines 2529--2535

 []


Overfull \hbox (20.22646pt too wide) in paragraph at lines 2537--2538
[]\OT1/ptm/m/n/10.95 returns a semi-group ho-mo-mor-phism with rep-re-sen-ta-ti
on \OT1/pcr/m/n/10.95 IsSemigroupHomomorphismByFunctionRep
 []


Underfull \hbox (badness 10000) in paragraph at lines 2565--2571

 []

[49]
Overfull \hbox (42.56435pt too wide) in paragraph at lines 2573--2574
[]\OT1/ptm/m/n/10.95 returns a semi-group ho-mo-mor-phism with rep-re-sen-ta-ti
on \OT1/pcr/m/n/10.95 IsSemigroupHomomorphismByImagesOfGensRep
 []


Underfull \hbox (badness 10000) in paragraph at lines 2599--2605

 []


Overfull \hbox (9.05751pt too wide) in paragraph at lines 2607--2608
[]\OT1/ptm/m/n/10.95 returns a semi-group ho-mo-mor-phism with rep-re-sen-ta-ti
on \OT1/pcr/m/n/10.95 IsSemigroupHomomorphismByImagesRep
 []

[50]
Underfull \hbox (badness 10000) in paragraph at lines 2644--2650

 []


Underfull \hbox (badness 10000) in paragraph at lines 2677--2680

 []


Underfull \hbox (badness 10000) in paragraph at lines 2697--2700

 []


Underfull \hbox (badness 1418) in paragraph at lines 2702--2703
[]\OT1/ptm/m/n/10.95 returns \OT1/pcr/m/n/10.95 true \OT1/ptm/m/n/10.95 if the 
gen-eral map-ping \OT1/pcr/m/n/10.95 f \OT1/ptm/m/n/10.95 is an in-ner au-to-mo
r-phism of a semi-group; see
 []

[51]
Underfull \hbox (badness 10000) in paragraph at lines 2717--2720

 []


Underfull \hbox (badness 10000) in paragraph at lines 2743--2746

 []

[52]
Underfull \hbox (badness 10000) in paragraph at lines 2781--2784

 []


Underfull \hbox (badness 10000) in paragraph at lines 2795--2799
[]\OT1/ptm/m/n/10.95 If \OT1/pcr/m/n/10.95 autgroup \OT1/ptm/m/n/10.95 sat-is-f
ies \OT1/pcr/m/n/10.95 IsAutomorphismGroupOfZeroGroup \OT1/ptm/m/n/10.95 ([][]7
.4.5[][]), then
 []


Underfull \hbox (badness 2189) in paragraph at lines 2795--2799
\OT1/pcr/m/n/10.95 InnerAutomorphismsAutomorphismGroup \OT1/ptm/m/n/10.95 re-tu
rns the sub-group of in-ner au-to-mor-phisms in-
 []


Underfull \hbox (badness 10000) in paragraph at lines 2817--2820

 []

[53]
Underfull \hbox (badness 10000) in paragraph at lines 2844--2847

 []


Underfull \hbox (badness 10000) in paragraph at lines 2879--2882

 []

LaTeX Font Info:    Try loading font information for OML+pcr on input line 2891
.
(/usr/local/texlive/2007/texmf-dist/tex/latex/psnfss/omlpcr.fd
File: omlpcr.fd 
)
LaTeX Font Info:    Font shape `OML/pcr/m/n' in size <10.95> not available
(Font)              Font shape `OML/cmm/m/it' tried instead on input line 2891.

 [54]
Underfull \hbox (badness 3568) in paragraph at lines 2908--2909
[]\OT1/ptm/m/sc/10.95 Please note: \OT1/ptm/m/n/10.95 if \OT1/phv/m/n/10.95 gra
pe \OT1/ptm/m/n/10.95 is not loaded, then this func-tion will not work when \OT
1/pcr/m/n/10.95 S
 []


Underfull \hbox (badness 10000) in paragraph at lines 2908--2909
\OT1/ptm/m/n/10.95 sat-is-fies \OT1/pcr/m/n/10.95 IsTransformationSemigroup \OT
1/ptm/m/n/10.95 (\OT1/ptm/b/n/10.95 Reference: Is-Trans-for-ma-tion-Semi-group\
OT1/ptm/m/n/10.95 ) or
 []

[55]
Underfull \hbox (badness 10000) in paragraph at lines 2978--2981

 []


Underfull \hbox (badness 2027) in paragraph at lines 2983--2984
[]\OT1/pcr/m/n/10.95 AutomorphismsSemigroupInGroup \OT1/ptm/m/n/10.95 re-turns 
the group of au-to-mor-phisms of the trans-for-
 []


Underfull \hbox (badness 2617) in paragraph at lines 2983--2984
\OT1/ptm/m/n/10.95 ma-tion semi-group \OT1/pcr/m/n/10.95 S \OT1/ptm/m/n/10.95 t
hat also be-long to the group \OT1/pcr/m/n/10.95 G\OT1/ptm/m/n/10.95 . If the v
alue of \OT1/pcr/m/n/10.95 G \OT1/ptm/m/n/10.95 is \OT1/pcr/m/n/10.95 fail\OT1/
ptm/m/n/10.95 , then
 []

[56]
Underfull \hbox (badness 2790) in paragraph at lines 3001--3002
\OT1/ptm/m/sc/10.95 Please note: \OT1/ptm/m/n/10.95 if \OT1/phv/m/n/10.95 grape
 \OT1/ptm/m/n/10.95 is not loaded, then this func-tion will not work when \OT1/
pcr/m/n/10.95 S \OT1/ptm/m/n/10.95 sat-
 []


Underfull \hbox (badness 10000) in paragraph at lines 3001--3002
\OT1/ptm/m/n/10.95 is-fies \OT1/pcr/m/n/10.95 IsTransformationSemigroup \OT1/pt
m/m/n/10.95 (\OT1/ptm/b/n/10.95 Reference: Is-Trans-for-ma-tion-Semi-group\OT1/
ptm/m/n/10.95 ) or
 []


Underfull \hbox (badness 10000) in paragraph at lines 3050--3053

 []

[57]
Underfull \hbox (badness 10000) in paragraph at lines 3065--3068

 []


Underfull \hbox (badness 10000) in paragraph at lines 3082--3085

 []


Underfull \hbox (badness 10000) in paragraph at lines 3099--3102

 []


Underfull \hbox (badness 10000) in paragraph at lines 3116--3119

 []

[58]
Underfull \hbox (badness 10000) in paragraph at lines 3134--3137

 []


Underfull \hbox (badness 10000) in paragraph at lines 3159--3162

 []

[59]
Underfull \hbox (badness 10000) in paragraph at lines 3197--3200

 []


Underfull \hbox (badness 10000) in paragraph at lines 3241--3244

 []


Underfull \hbox (badness 10000) in paragraph at lines 3256--3259

 []

[60]
Underfull \hbox (badness 10000) in paragraph at lines 3271--3274

 []


Underfull \hbox (badness 10000) in paragraph at lines 3299--3302

 []

[61]
Underfull \hbox (badness 10000) in paragraph at lines 3342--3345

 []

[62]
Underfull \hbox (badness 10000) in paragraph at lines 3377--3380

 []


Underfull \hbox (badness 10000) in paragraph at lines 3412--3415

 []

[63]
Underfull \hbox (badness 10000) in paragraph at lines 3471--3474

 []

[64]
Underfull \hbox (badness 10000) in paragraph at lines 3501--3504

 []


Underfull \hbox (badness 1552) in paragraph at lines 3506--3507
[]\OT1/ptm/m/n/10.95 returns \OT1/pcr/m/n/10.95 true \OT1/ptm/m/n/10.95 if the 
ob-ject \OT1/pcr/m/n/10.95 f \OT1/ptm/m/n/10.95 is rep-re-sented as an au-to-mo
r-phism of a zero group; see
 []


Underfull \hbox (badness 10000) in paragraph at lines 3513--3516

 []


Underfull \hbox (badness 10000) in paragraph at lines 3532--3535

 []


Underfull \hbox (badness 10000) in paragraph at lines 3537--3539
[]\OT1/ptm/m/n/10.95 if \OT1/pcr/m/n/10.95 G \OT1/ptm/m/n/10.95 is the au-to-mo
r-phism group of a sim-ple trans-for-ma-tion semi-group, then
 []


Underfull \hbox (badness 2277) in paragraph at lines 3537--3539
\OT1/pcr/m/n/10.95 IsomorphismAutomorphismGroupOfRMS \OT1/ptm/m/n/10.95 re-turn
s a \OT1/pcr/m/n/10.95 GroupHomomorphismByImages \OT1/ptm/m/n/10.95 (\OT1/ptm/b
/n/10.95 Reference:
 []

[65]
Underfull \hbox (badness 10000) in paragraph at lines 3568--3571

 []


Underfull \hbox (badness 3635) in paragraph at lines 3573--3574
\OT1/ptm/m/n/10.95 re-turns an iso-mor-phism from \OT1/pcr/m/n/10.95 G \OT1/ptm
/m/n/10.95 to a per-mu-ta-tion group by com-pos-ing the re-sult \OT1/pcr/m/n/10
.95 f \OT1/ptm/m/n/10.95 of
 []


Underfull \hbox (badness 4686) in paragraph at lines 3577--3578
[]\OT1/ptm/m/n/10.95 if \OT1/pcr/m/n/10.95 G \OT1/ptm/m/n/10.95 is a trans-for-
ma-tion semi-group that sat-is-fies \OT1/pcr/m/n/10.95 IsGroupAsSemigroup \OT1/
ptm/m/n/10.95 ([][]5.2.3[][]), then
 []


Underfull \hbox (badness 10000) in paragraph at lines 3616--3619

 []

[66]
Underfull \hbox (badness 1210) in paragraph at lines 3621--3623
[]\OT1/ptm/m/n/10.95 returns an iso-mor-phism to a finitely pre-sented semi-gro
up from the trans-for-ma-tion semi-
 []


Underfull \hbox (badness 10000) in paragraph at lines 3643--3646

 []


Underfull \hbox (badness 10000) in paragraph at lines 3651--3652
[]\OT1/ptm/m/n/10.95 If \OT1/pcr/m/n/10.95 S \OT1/ptm/m/n/10.95 sat-is-fies \OT
1/pcr/m/n/10.95 IsSemigroup \OT1/ptm/m/n/10.95 (\OT1/ptm/b/n/10.95 Reference: I
s-Semi-group\OT1/ptm/m/n/10.95 ), use the com-mand
 []


Underfull \hbox (badness 10000) in paragraph at lines 3670--3673

 []

[67]
Underfull \hbox (badness 10000) in paragraph at lines 3737--3740

 []

[68]
Underfull \hbox (badness 10000) in paragraph at lines 3779--3782

 []

(./monoid.bbl (./monoid.brf)
\tf@brf=\write7
\openout7 = `monoid.brf'.

 [69]
Underfull \hbox (badness 7963) in paragraph at lines 39--39
[]\OT1/ptm/m/n/10.95 G. Kudryavt-seva and V. Ma-zorchuk.  On kisel-man's semi-g
roup.  2005.
 []

) (./monoid.ind [70

]
Overfull \hbox (9.78952pt too wide) in paragraph at lines 12--14
[]\OT1/pcr/m/n/10.95 ConjugatorOfInnerAutomorphismOfSemigroup\OT1/ptm/m/n/10.95
 ,
 []


Underfull \hbox (badness 10000) in paragraph at lines 46--47
[]\OT1/pcr/m/n/10.95 InnerAutomorphismsOfSemigroupInGroup\OT1/ptm/m/n/10.95 ,
 []


Underfull \hbox (badness 10000) in paragraph at lines 82--84
[]\OT1/pcr/m/n/10.95 IsomorphismReesMatrixSemigroupOfDClass\OT1/ptm/m/n/10.95 ,

 []

[71

]
Underfull \hbox (badness 10000) in paragraph at lines 152--154
[]\OT1/pcr/m/n/10.95 SemigroupHomomorphismByImagesOfGensNC\OT1/ptm/m/n/10.95 ,
 []

[72]) (./monoid.aux) ) 
Here is how much of TeX's memory you used:
 4348 strings out of 94073
 62815 string characters out of 1162984
 117912 words of memory out of 1500000
 7178 multiletter control sequences out of 10000+50000
 51712 words of font info for 95 fonts, out of 1200000 for 2000
 645 hyphenation exceptions out of 8191
 27i,7n,30p,1040b,622s stack positions out of 5000i,500n,6000p,200000b,5000s
{/usr/local/texlive/2007/texmf-dist/fonts/enc/dvips/base/
8r.enc}</usr/local/texlive/2007/texmf-dist/fonts/type1/bluesky/cm/cmmi10.pfb></
usr/local/texlive/2007/texmf-dist/fonts/type1/bluesky/cm/cmr10.pfb></usr/local/
texlive/2007/texmf-dist/fonts/type1/bluesky/cm/cmsy10.pfb></usr/local/texlive/2
007/texmf-dist/fonts/type1/bluesky/ams/msam10.pfb></usr/local/texlive/2007/texm
f-dist/fonts/type1/urw/courier/ucrr8a.pfb></usr/local/texlive/2007/texmf-dist/f
onts/type1/urw/courier/ucrro8a.pfb></usr/local/texlive/2007/texmf-dist/fonts/ty
pe1/urw/helvetic/uhvb8a.pfb></usr/local/texlive/2007/texmf-dist/fonts/type1/urw
/helvetic/uhvr8a.pfb></usr/local/texlive/2007/texmf-dist/fonts/type1/urw/helvet
ic/uhvro8a.pfb></usr/local/texlive/2007/texmf-dist/fonts/type1/urw/times/utmb8a
.pfb></usr/local/texlive/2007/texmf-dist/fonts/type1/urw/times/utmr8a.pfb></usr
/local/texlive/2007/texmf-dist/fonts/type1/urw/times/utmr8a.pfb></usr/local/tex
live/2007/texmf-dist/fonts/type1/urw/times/utmri8a.pfb>
Output written on monoid.pdf (72 pages, 426497 bytes).
PDF statistics:
 1235 PDF objects out of 1440 (max. 8388607)
 373 named destinations out of 1000 (max. 131072)
 17 words of extra memory for PDF output out of 10000 (max. 10000000)

